# JRE version: Java(TM) SE Runtime Environment (8.0_101-b13) (build 1.8.0_101-b13)
# Java VM: Java HotSpot(TM) 64-Bit Server VM (25.101-b13 mixed mode windows-amd64 compressed oops)
Heap:
 PSYoungGen      total 95232K, used 10554K [0x0000000756500000, 0x0000000761f00000, 0x00000007c0000000)
  eden space 81920K, 0% used [0x0000000756500000,0x0000000756500000,0x000000075b500000)
  from space 13312K, 79% used [0x000000075c200000,0x000000075cc4e800,0x000000075cf00000)
  to   space 13312K, 0% used [0x000000075b500000,0x000000075b500000,0x000000075c200000)
 ParOldGen       total 217088K, used 88K [0x0000000682e00000, 0x0000000690200000, 0x0000000756500000)
  object space 217088K, 0% used [0x0000000682e00000,0x0000000682e16010,0x0000000690200000)
 Metaspace       used 20576K, capacity 21152K, committed 21296K, reserved 1067008K
  class space    used 2651K, capacity 2819K, committed 2864K, reserved 1048576K
GC Heap History (5 events):
Event: 0.884 GC heap before
{Heap before GC invocations=1 (full 0):
 PSYoungGen      total 95232K, used 81920K [0x0000000756500000, 0x000000075cf00000, 0x00000007c0000000)
  eden space 81920K, 100% used [0x0000000756500000,0x000000075b500000,0x000000075b500000)
  from space 13312K, 0% used [0x000000075c200000,0x000000075c200000,0x000000075cf00000)
  to   space 13312K, 0% used [0x000000075b500000,0x000000075b500000,0x000000075c200000)
 ParOldGen       total 217088K, used 0K [0x0000000682e00000, 0x0000000690200000, 0x0000000756500000)
  object space 217088K, 0% used [0x0000000682e00000,0x0000000682e00000,0x0000000690200000)
 Metaspace       used 13423K, capacity 13870K, committed 13952K, reserved 1060864K
  class space    used 1735K, capacity 1880K, committed 1920K, reserved 1048576K
Event: 0.891 GC heap after
Heap after GC invocations=1 (full 0):
 PSYoungGen      total 95232K, used 9492K [0x0000000756500000, 0x000000075cf00000, 0x00000007c0000000)
  eden space 81920K, 0% used [0x0000000756500000,0x0000000756500000,0x000000075b500000)
  from space 13312K, 71% used [0x000000075b500000,0x000000075be45030,0x000000075c200000)
  to   space 13312K, 0% used [0x000000075c200000,0x000000075c200000,0x000000075cf00000)
 ParOldGen       total 217088K, used 16K [0x0000000682e00000, 0x0000000690200000, 0x0000000756500000)
  object space 217088K, 0% used [0x0000000682e00000,0x0000000682e04000,0x0000000690200000)
 Metaspace       used 13423K, capacity 13870K, committed 13952K, reserved 1060864K
  class space    used 1735K, capacity 1880K, committed 1920K, reserved 1048576K
}
Event: 1.134 GC heap before
{Heap before GC invocations=2 (full 0):
 PSYoungGen      total 95232K, used 68990K [0x0000000756500000, 0x000000075cf00000, 0x00000007c0000000)
  eden space 81920K, 72% used [0x0000000756500000,0x0000000759f1a978,0x000000075b500000)
  from space 13312K, 71% used [0x000000075b500000,0x000000075be45030,0x000000075c200000)
  to   space 13312K, 0% used [0x000000075c200000,0x000000075c200000,0x000000075cf00000)
 ParOldGen       total 217088K, used 16K [0x0000000682e00000, 0x0000000690200000, 0x0000000756500000)
  object space 217088K, 0% used [0x0000000682e00000,0x0000000682e04000,0x0000000690200000)
 Metaspace       used 20576K, capacity 21152K, committed 21296K, reserved 1067008K
  class space    used 2651K, capacity 2819K, committed 2864K, reserved 1048576K
Event: 1.144 GC heap after
Heap after GC invocations=2 (full 0):
 PSYoungGen      total 95232K, used 10554K [0x0000000756500000, 0x0000000761f00000, 0x00000007c0000000)
  eden space 81920K, 0% used [0x0000000756500000,0x0000000756500000,0x000000075b500000)
  from space 13312K, 79% used [0x000000075c200000,0x000000075cc4e800,0x000000075cf00000)
  to   space 13312K, 0% used [0x000000075b500000,0x000000075b500000,0x000000075c200000)
 ParOldGen       total 217088K, used 88K [0x0000000682e00000, 0x0000000690200000, 0x0000000756500000)
  object space 217088K, 0% used [0x0000000682e00000,0x0000000682e16010,0x0000000690200000)
 Metaspace       used 20576K, capacity 21152K, committed 21296K, reserved 1067008K
  class space    used 2651K, capacity 2819K, committed 2864K, reserved 1048576K
}
Event: 1.144 GC heap before
{Heap before GC invocations=3 (full 1):
 PSYoungGen      total 95232K, used 10554K [0x0000000756500000, 0x0000000761f00000, 0x00000007c0000000)
  eden space 81920K, 0% used [0x0000000756500000,0x0000000756500000,0x000000075b500000)
  from space 13312K, 79% used [0x000000075c200000,0x000000075cc4e800,0x000000075cf00000)
  to   space 13312K, 0% used [0x000000075b500000,0x000000075b500000,0x000000075c200000)
 ParOldGen       total 217088K, used 88K [0x0000000682e00000, 0x0000000690200000, 0x0000000756500000)
  object space 217088K, 0% used [0x0000000682e00000,0x0000000682e16010,0x0000000690200000)
 Metaspace       used 20576K, capacity 21152K, committed 21296K, reserved 1067008K
  class space    used 2651K, capacity 2819K, committed 2864K, reserved 1048576K

